2024-05-10 19:12:11,243 [INFO] Activator:176 - 


2024-05-10 19:12:11,246 [INFO] Activator:177 - !SESSION log4j initialized
2024-05-10 19:12:21,809 [INFO] LogOutputStream:77 - [STDOUT_REDIRECT] 
2024-05-10 19:12:24,442 [INFO] ApplicationProperties:184 - Using Application install path: C:\ST\STM32CubeIDE_1.2.0\STM32CubeIDE\plugins\com.st.stm32cube.common.mx_6.11.1.202404110753
2024-05-10 19:12:24,465 [INFO] DbMcusXml:78 - Set database path to: C:\ST\STM32CubeIDE_1.2.0\STM32CubeIDE\plugins\com.st.stm32cube.common.mx_6.11.1.202404110753\\db\/mcu/
2024-05-10 19:12:24,466 [INFO] ApiDb:274 - Set plugin database path to: C:\ST\STM32CubeIDE_1.2.0\STM32CubeIDE\plugins\com.st.stm32cube.common.mx_6.11.1.202404110753\\db\/plugins/boardmanager/
2024-05-10 19:12:24,466 [WARN] ApiDb:259 - Overriding images path with different value:  => C:\ST\STM32CubeIDE_1.2.0\STM32CubeIDE\plugins\com.st.stm32cube.common.mx_6.11.1.202404110753\\db\/plugins/mcufinder/images/
2024-05-10 19:12:24,484 [INFO] ApiDb:250 - Set database path to: C:\Users\Dell\.stmcufinder\plugins\mcufinder//mcu/
2024-05-10 19:12:24,485 [INFO] DbMcusAds:125 - Set database path to: C:\Users\Dell\.stmcufinder\plugins\mcufinder//mcu/
2024-05-10 19:12:24,488 [INFO] CrossReferenceDbSqlite:203 - Set database path to: C:\Users\Dell\.stmcufinder\plugins\mcufinder//mcu/cs/
2024-05-10 19:12:24,641 [INFO] RulesReader:64 - Compatibility file has been processed (297 Rules)
2024-05-10 19:12:24,783 [INFO] DbMcusXml:78 - Set database path to: C:\ST\STM32CubeIDE_1.2.0\STM32CubeIDE\plugins\com.st.stm32cube.common.mx_6.11.1.202404110753\\db\/mcu/
2024-05-10 19:12:24,784 [INFO] ApiDb:274 - Set plugin database path to: C:\ST\STM32CubeIDE_1.2.0\STM32CubeIDE\plugins\com.st.stm32cube.common.mx_6.11.1.202404110753\\db\/plugins/boardmanager/
2024-05-10 19:12:24,784 [INFO] ApiDb:261 - Set plugin images path to: C:\ST\STM32CubeIDE_1.2.0\STM32CubeIDE\plugins\com.st.stm32cube.common.mx_6.11.1.202404110753\\db\/plugins/mcufinder/images/
2024-05-10 19:12:24,785 [WARN] DbFile:41 - Overriding database path with different value: C:\Users\Dell\.stmcufinder\plugins\mcufinder/ => C:\Users\Dell\.stmcufinder\plugins\mcufinder
2024-05-10 19:12:24,785 [INFO] ApiDb:250 - Set database path to: C:\Users\Dell\.stmcufinder\plugins\mcufinder//mcu/
2024-05-10 19:12:24,785 [WARN] DbFile:41 - Overriding database path with different value: C:\Users\Dell\.stmcufinder\plugins\mcufinder/ => C:\Users\Dell\.stmcufinder\plugins\mcufinder
2024-05-10 19:12:24,785 [INFO] DbMcusAds:125 - Set database path to: C:\Users\Dell\.stmcufinder\plugins\mcufinder//mcu/
2024-05-10 19:12:24,785 [WARN] DbFile:41 - Overriding database path with different value: C:\Users\Dell\.stmcufinder\plugins\mcufinder/ => C:\Users\Dell\.stmcufinder\plugins\mcufinder
2024-05-10 19:12:24,785 [WARN] DbFile:41 - Overriding database path with different value: C:\Users\Dell\.stmcufinder\plugins\mcufinder/ => C:\Users\Dell\.stmcufinder\plugins\mcufinder
2024-05-10 19:12:24,785 [INFO] CrossReferenceDbSqlite:203 - Set database path to: C:\Users\Dell\.stmcufinder\plugins\mcufinder//mcu/cs/
2024-05-10 19:12:24,915 [INFO] MainPanel:264 - HeapMemory: 268435456
2024-05-10 19:12:25,042 [INFO] DbMcusXml:78 - Set database path to: C:\ST\STM32CubeIDE_1.2.0\STM32CubeIDE\plugins\com.st.stm32cube.common.mx_6.11.1.202404110753\\db\/mcu/
2024-05-10 19:12:25,042 [INFO] ApiDb:274 - Set plugin database path to: C:\ST\STM32CubeIDE_1.2.0\STM32CubeIDE\plugins\com.st.stm32cube.common.mx_6.11.1.202404110753\\db\/plugins/boardmanager/
2024-05-10 19:12:25,042 [INFO] ApiDb:261 - Set plugin images path to: C:\ST\STM32CubeIDE_1.2.0\STM32CubeIDE\plugins\com.st.stm32cube.common.mx_6.11.1.202404110753\\db\/plugins/mcufinder/images/
2024-05-10 19:12:25,042 [WARN] DbFile:41 - Overriding database path with different value: C:\Users\Dell\.stmcufinder\plugins\mcufinder/ => C:\Users\Dell\.stmcufinder\plugins\mcufinder
2024-05-10 19:12:25,042 [INFO] ApiDb:250 - Set database path to: C:\Users\Dell\.stmcufinder\plugins\mcufinder//mcu/
2024-05-10 19:12:25,042 [WARN] DbFile:41 - Overriding database path with different value: C:\Users\Dell\.stmcufinder\plugins\mcufinder/ => C:\Users\Dell\.stmcufinder\plugins\mcufinder
2024-05-10 19:12:25,043 [INFO] DbMcusAds:125 - Set database path to: C:\Users\Dell\.stmcufinder\plugins\mcufinder//mcu/
2024-05-10 19:12:25,043 [WARN] DbFile:41 - Overriding database path with different value: C:\Users\Dell\.stmcufinder\plugins\mcufinder/ => C:\Users\Dell\.stmcufinder\plugins\mcufinder
2024-05-10 19:12:25,044 [WARN] DbFile:41 - Overriding database path with different value: C:\Users\Dell\.stmcufinder\plugins\mcufinder/ => C:\Users\Dell\.stmcufinder\plugins\mcufinder
2024-05-10 19:12:25,044 [INFO] CrossReferenceDbSqlite:203 - Set database path to: C:\Users\Dell\.stmcufinder\plugins\mcufinder//mcu/cs/
2024-05-10 19:12:25,076 [INFO] ApplicationProperties:184 - Using Application install path: C:\ST\STM32CubeIDE_1.2.0\STM32CubeIDE\plugins\com.st.stm32cube.common.mx_6.11.1.202404110753
2024-05-10 19:12:25,078 [INFO] PluginManage:196 - Search for loadable plugins [exclusion list=, ]
2024-05-10 19:12:25,080 [INFO] PluginManage:310 - Check plugin analytics
2024-05-10 19:12:25,287 [INFO] AnalyticsPlugin:253 - Accepted Software Licenses: STM32CubeMX.6.10.0
2024-05-10 19:12:25,287 [INFO] AnalyticsPlugin:255 - Accepted CMSIS Pack Licenses: 
2024-05-10 19:12:25,287 [INFO] AnalyticsPlugin:257 - Accepted Firmware Licenses: 
2024-05-10 19:12:25,291 [INFO] PluginManage:359 - Loaded plugin analytics (category:tool,tabindex:-1)
2024-05-10 19:12:25,291 [INFO] PluginManage:310 - Check plugin cadmodel
2024-05-10 19:12:25,307 [INFO] CADModel:105 - Init CAD model plugin
2024-05-10 19:12:25,308 [INFO] PluginManage:359 - Loaded plugin cadmodel (category:power,tabindex:5)
2024-05-10 19:12:25,308 [INFO] PluginManage:310 - Check plugin clock
2024-05-10 19:12:25,329 [INFO] PluginManage:359 - Loaded plugin clock (category:base,tabindex:2)
2024-05-10 19:12:25,329 [INFO] PluginManage:310 - Check plugin ddr
2024-05-10 19:12:25,334 [INFO] PluginManage:359 - Loaded plugin ddr (category:tool,tabindex:6)
2024-05-10 19:12:25,334 [INFO] PluginManage:310 - Check plugin filemanager
2024-05-10 19:12:25,548 [INFO] PluginManage:359 - Loaded plugin filemanager (category:base,tabindex:10)
2024-05-10 19:12:25,549 [INFO] PluginManage:310 - Check plugin ipmanager
2024-05-10 19:12:25,557 [INFO] PluginManage:359 - Loaded plugin ipmanager (category:base,tabindex:5)
2024-05-10 19:12:25,557 [INFO] PluginManage:310 - Check plugin lpbam
2024-05-10 19:12:25,576 [INFO] PluginManage:359 - Loaded plugin lpbam (category:base,tabindex:0)
2024-05-10 19:12:25,577 [INFO] PluginManage:310 - Check plugin memorymap
2024-05-10 19:12:25,602 [INFO] PluginManage:359 - Loaded plugin memorymap (category:base,tabindex:4)
2024-05-10 19:12:25,602 [INFO] PluginManage:310 - Check plugin pinoutandconfiguration
2024-05-10 19:12:25,621 [INFO] PluginManage:359 - Loaded plugin pinoutandconfiguration (category:base,tabindex:1)
2024-05-10 19:12:25,621 [INFO] PluginManage:310 - Check plugin pinoutconfig
2024-05-10 19:12:25,734 [WARN] SupportedApi:132 - Cannot load RTOS API schema: s4s-elt-must-match.1: The content of 'definitions' must match (annotation?, (simpleType | complexType)?, (unique | key | keyref)*)). A problem was found starting at: attribute.
2024-05-10 19:12:25,913 [INFO] PluginManage:359 - Loaded plugin pinoutconfig (category:base,tabindex:0)
2024-05-10 19:12:25,913 [INFO] PluginManage:310 - Check plugin power
2024-05-10 19:12:25,935 [INFO] PluginManage:359 - Loaded plugin power (category:power,tabindex:4)
2024-05-10 19:12:25,935 [INFO] PluginManage:310 - Check plugin projectmanager
2024-05-10 19:12:25,954 [INFO] PluginManage:359 - Loaded plugin projectmanager (category:projectmanager,tabindex:3)
2024-05-10 19:12:25,955 [INFO] PluginManage:310 - Check plugin thirdparty
2024-05-10 19:12:26,281 [WARN] IntegrityCheckThread:84 - waiting for thirdparty lock release [integrity check]
2024-05-10 19:12:26,282 [INFO] IntegrityCheckThread:86 - entering critical section [integrity check]
2024-05-10 19:12:26,282 [INFO] PluginManage:359 - Loaded plugin thirdparty (category:base,tabindex:-1)
2024-05-10 19:12:26,283 [INFO] PluginManage:310 - Check plugin tools
2024-05-10 19:12:26,284 [INFO] ThirdPartyUpdaterWithRetryManager:70 - Updater plugin not ready yet. [1/15]
2024-05-10 19:12:26,319 [INFO] PluginManage:359 - Loaded plugin tools (category:base,tabindex:7)
2024-05-10 19:12:26,320 [INFO] PluginManage:310 - Check plugin tutovideos
2024-05-10 19:12:26,546 [INFO] PluginManage:359 - Loaded plugin tutovideos (category:base,tabindex:-1)
2024-05-10 19:12:26,546 [INFO] PluginManage:310 - Check plugin updater
2024-05-10 19:12:26,559 [INFO] PluginManage:359 - Loaded plugin updater (category:base,tabindex:12)
2024-05-10 19:12:26,559 [INFO] PluginManage:310 - Check plugin userauth
2024-05-10 19:12:26,565 [INFO] UserAuth:114 - Init User Auth plugin
2024-05-10 19:12:26,565 [INFO] PluginManage:359 - Loaded plugin userauth (category:base,tabindex:14)
2024-05-10 19:12:26,565 [INFO] PluginManage:283 - PluginManage : Loaded plugins [17]
2024-05-10 19:12:26,857 [INFO] PinOutPanel:1561 - setPackage(No Configuration,No Configuration)
2024-05-10 19:12:26,949 [INFO] CADModel:165 - CPN selected for project level
2024-05-10 19:12:26,949 [INFO] CADModel:114 - Register for checkConnection events
2024-05-10 19:12:26,978 [INFO] IPUIPlugin:80 - create IPUIPlugin
2024-05-10 19:12:26,978 [INFO] PluginManager:220 - loadIPPluginJar : add adc
2024-05-10 19:12:27,016 [INFO] IPUIPlugin:80 - create IPUIPlugin
2024-05-10 19:12:27,016 [INFO] PluginManager:220 - loadIPPluginJar : add aes
2024-05-10 19:12:27,060 [INFO] IPUIPlugin:80 - create IPUIPlugin
2024-05-10 19:12:27,060 [INFO] PluginManager:220 - loadIPPluginJar : add can
2024-05-10 19:12:27,087 [INFO] IPUIPlugin:80 - create IPUIPlugin
2024-05-10 19:12:27,088 [INFO] PluginManager:220 - loadIPPluginJar : add comp
2024-05-10 19:12:27,135 [INFO] IPUIPlugin:80 - create IPUIPlugin
2024-05-10 19:12:27,135 [INFO] PluginManager:220 - loadIPPluginJar : add cryp
2024-05-10 19:12:27,173 [INFO] IPUIPlugin:80 - create IPUIPlugin
2024-05-10 19:12:27,174 [INFO] PluginManager:220 - loadIPPluginJar : add dfsdm
2024-05-10 19:12:27,190 [INFO] IPUIPlugin:80 - create IPUIPlugin
2024-05-10 19:12:27,191 [INFO] PluginManager:220 - loadIPPluginJar : add dma
2024-05-10 19:12:27,242 [INFO] IPUIPlugin:80 - create IPUIPlugin
2024-05-10 19:12:27,242 [INFO] PluginManager:220 - loadIPPluginJar : add dma3
2024-05-10 19:12:27,291 [INFO] IPUIPlugin:80 - create IPUIPlugin
2024-05-10 19:12:27,292 [INFO] PluginManager:220 - loadIPPluginJar : add extmemmanager
2024-05-10 19:12:27,313 [INFO] IPUIPlugin:80 - create IPUIPlugin
2024-05-10 19:12:27,313 [INFO] PluginManager:220 - loadIPPluginJar : add fatfs
2024-05-10 19:12:27,362 [INFO] IPUIPlugin:80 - create IPUIPlugin
2024-05-10 19:12:27,362 [INFO] PluginManager:220 - loadIPPluginJar : add fmc
2024-05-10 19:12:27,378 [INFO] IPUIPlugin:80 - create IPUIPlugin
2024-05-10 19:12:27,378 [INFO] PluginManager:220 - loadIPPluginJar : add freertos
2024-05-10 19:12:27,401 [INFO] IPUIPlugin:80 - create IPUIPlugin
2024-05-10 19:12:27,401 [INFO] PluginManager:220 - loadIPPluginJar : add genericplugin
2024-05-10 19:12:27,498 [INFO] IPUIPlugin:80 - create IPUIPlugin
2024-05-10 19:12:27,498 [INFO] PluginManager:220 - loadIPPluginJar : add gfxmmu
2024-05-10 19:12:27,642 [INFO] IPUIPlugin:80 - create IPUIPlugin
2024-05-10 19:12:27,643 [INFO] PluginManager:220 - loadIPPluginJar : add gic
2024-05-10 19:12:27,656 [INFO] IPUIPlugin:80 - create IPUIPlugin
2024-05-10 19:12:27,656 [INFO] PluginManager:220 - loadIPPluginJar : add gpio
2024-05-10 19:12:27,750 [INFO] IPUIPlugin:80 - create IPUIPlugin
2024-05-10 19:12:27,750 [INFO] PluginManager:220 - loadIPPluginJar : add gtzc
2024-05-10 19:12:27,785 [INFO] IPUIPlugin:80 - create IPUIPlugin
2024-05-10 19:12:27,785 [INFO] PluginManager:220 - loadIPPluginJar : add hash
2024-05-10 19:12:27,840 [INFO] IPUIPlugin:80 - create IPUIPlugin
2024-05-10 19:12:27,840 [INFO] PluginManager:220 - loadIPPluginJar : add i2c
2024-05-10 19:12:27,879 [INFO] IPUIPlugin:80 - create IPUIPlugin
2024-05-10 19:12:27,879 [INFO] PluginManager:220 - loadIPPluginJar : add i2s
2024-05-10 19:12:27,923 [INFO] IPUIPlugin:80 - create IPUIPlugin
2024-05-10 19:12:27,924 [INFO] PluginManager:220 - loadIPPluginJar : add i3c
2024-05-10 19:12:28,038 [INFO] IPUIPlugin:80 - create IPUIPlugin
2024-05-10 19:12:28,039 [INFO] PluginManager:220 - loadIPPluginJar : add ipddr
2024-05-10 19:12:28,141 [INFO] IPUIPlugin:80 - create IPUIPlugin
2024-05-10 19:12:28,141 [INFO] PluginManager:220 - loadIPPluginJar : add linkedlist
2024-05-10 19:12:28,181 [INFO] IPUIPlugin:80 - create IPUIPlugin
2024-05-10 19:12:28,182 [INFO] PluginManager:220 - loadIPPluginJar : add lorawan
2024-05-10 19:12:28,221 [INFO] IPUIPlugin:80 - create IPUIPlugin
2024-05-10 19:12:28,221 [INFO] PluginManager:220 - loadIPPluginJar : add ltdc
2024-05-10 19:12:28,237 [INFO] IPUIPlugin:80 - create IPUIPlugin
2024-05-10 19:12:28,237 [INFO] PluginManager:220 - loadIPPluginJar : add mdma
2024-05-10 19:12:28,249 [INFO] IPUIPlugin:80 - create IPUIPlugin
2024-05-10 19:12:28,249 [INFO] PluginManager:220 - loadIPPluginJar : add nvic
2024-05-10 19:12:28,290 [INFO] IPUIPlugin:80 - create IPUIPlugin
2024-05-10 19:12:28,290 [INFO] PluginManager:220 - loadIPPluginJar : add opamp
2024-05-10 19:12:28,361 [INFO] IPUIPlugin:80 - create IPUIPlugin
2024-05-10 19:12:28,361 [INFO] PluginManager:220 - loadIPPluginJar : add openamp
2024-05-10 19:12:28,410 [INFO] IPUIPlugin:80 - create IPUIPlugin
2024-05-10 19:12:28,410 [INFO] PluginManager:220 - loadIPPluginJar : add pdm2pcm
2024-05-10 19:12:28,426 [INFO] IPUIPlugin:80 - create IPUIPlugin
2024-05-10 19:12:28,429 [INFO] PluginManager:220 - loadIPPluginJar : add plateformsettings
2024-05-10 19:12:28,455 [INFO] IPUIPlugin:80 - create IPUIPlugin
2024-05-10 19:12:28,456 [INFO] PluginManager:220 - loadIPPluginJar : add quadspi
2024-05-10 19:12:28,471 [INFO] IPUIPlugin:80 - create IPUIPlugin
2024-05-10 19:12:28,472 [INFO] PluginManager:220 - loadIPPluginJar : add resmgrutility
2024-05-10 19:12:28,522 [INFO] IPUIPlugin:80 - create IPUIPlugin
2024-05-10 19:12:28,522 [INFO] PluginManager:220 - loadIPPluginJar : add sai
2024-05-10 19:12:28,565 [INFO] IPUIPlugin:80 - create IPUIPlugin
2024-05-10 19:12:28,565 [INFO] PluginManager:220 - loadIPPluginJar : add spi
2024-05-10 19:12:28,639 [INFO] IPUIPlugin:80 - create IPUIPlugin
2024-05-10 19:12:28,639 [INFO] PluginManager:220 - loadIPPluginJar : add stm32_wpan
2024-05-10 19:12:28,666 [INFO] IPUIPlugin:80 - create IPUIPlugin
2024-05-10 19:12:28,666 [INFO] PluginManager:220 - loadIPPluginJar : add tim
2024-05-10 19:12:28,738 [INFO] IPUIPlugin:80 - create IPUIPlugin
2024-05-10 19:12:28,738 [INFO] PluginManager:220 - loadIPPluginJar : add touchsensing
2024-05-10 19:12:28,764 [INFO] IPUIPlugin:80 - create IPUIPlugin
2024-05-10 19:12:28,765 [INFO] PluginManager:220 - loadIPPluginJar : add tracer_emb
2024-05-10 19:12:28,791 [INFO] IPUIPlugin:80 - create IPUIPlugin
2024-05-10 19:12:28,791 [INFO] PluginManager:220 - loadIPPluginJar : add ts
2024-05-10 19:12:28,815 [INFO] IPUIPlugin:80 - create IPUIPlugin
2024-05-10 19:12:28,816 [INFO] PluginManager:220 - loadIPPluginJar : add tsc
2024-05-10 19:12:28,841 [INFO] IPUIPlugin:80 - create IPUIPlugin
2024-05-10 19:12:28,842 [INFO] PluginManager:220 - loadIPPluginJar : add ucpd
2024-05-10 19:12:28,893 [INFO] IPUIPlugin:80 - create IPUIPlugin
2024-05-10 19:12:28,893 [INFO] PluginManager:220 - loadIPPluginJar : add usart
2024-05-10 19:12:28,944 [INFO] IPUIPlugin:80 - create IPUIPlugin
2024-05-10 19:12:28,944 [INFO] PluginManager:220 - loadIPPluginJar : add usbx
2024-05-10 19:12:29,089 [INFO] CADModel:165 - CPN selected for project level
2024-05-10 19:12:29,090 [INFO] CADModel:114 - Register for checkConnection events
2024-05-10 19:12:29,090 [FATAL] Updater:308 - Updater called before beeing initialized
2024-05-10 19:12:29,092 [ERROR] CADModel:125 - Updater not yet initialized, retry later 
2024-05-10 19:12:29,285 [INFO] ThirdPartyUpdaterWithRetryManager:70 - Updater plugin not ready yet. [2/15]
2024-05-10 19:12:29,322 [INFO] CADModel:165 - CPN selected for project level
2024-05-10 19:12:29,322 [INFO] CADModel:114 - Register for checkConnection events
2024-05-10 19:12:29,322 [FATAL] Updater:308 - Updater called before beeing initialized
2024-05-10 19:12:29,322 [ERROR] CADModel:125 - Updater not yet initialized, retry later 
2024-05-10 19:12:29,326 [FATAL] Updater:308 - Updater called before beeing initialized
2024-05-10 19:12:29,479 [FATAL] Updater:308 - Updater called before beeing initialized
2024-05-10 19:12:29,492 [INFO] DbMcusAds:53 - JSON generation date=Thu May 02 11:37:29 EEST 2024 (1714639049318)
2024-05-10 19:12:29,493 [FATAL] Updater:308 - Updater called before beeing initialized
2024-05-10 19:12:29,589 [WARN] DetailPanel:346 - Failed to get advertising image, set to default
2024-05-10 19:12:29,682 [FATAL] Updater:308 - Updater called before beeing initialized
2024-05-10 19:12:29,685 [FATAL] Updater:308 - Updater called before beeing initialized
2024-05-10 19:12:29,685 [FATAL] Updater:308 - Updater called before beeing initialized
2024-05-10 19:12:29,685 [WARN] DetailPanel:346 - Failed to get advertising image, set to default
2024-05-10 19:12:29,686 [FATAL] Updater:308 - Updater called before beeing initialized
2024-05-10 19:12:29,784 [ERROR] Updater:1120 - MainUpdater not yet initialized. External WinMGr cannot be set.
2024-05-10 19:12:29,797 [INFO] Updater:1056 - Updater Version found : 6.11.1
2024-05-10 19:12:29,839 [INFO] ApplicationProperties:184 - Using Application install path: C:\ST\STM32CubeIDE_1.2.0\STM32CubeIDE\plugins\com.st.stm32cube.common.mx_6.11.1.202404110753
2024-05-10 19:12:31,446 [ERROR] LogOutputStream:75 - [STDERR_REDIRECT] May 10, 2024 7:12:31 PM java.util.prefs.WindowsPreferences <init>
2024-05-10 19:12:31,447 [ERROR] LogOutputStream:75 - [STDERR_REDIRECT] WARNING: Could not open/create prefs root node Software\JavaSoft\Prefs at root 0xffffffff80000002. Windows RegCreateKeyEx(...) returned error code 5.
2024-05-10 19:12:31,448 [ERROR] LogOutputStream:75 - [STDERR_REDIRECT] 
2024-05-10 19:12:31,508 [INFO] MainUpdater:526 - Copy updater definitions from MX database
2024-05-10 19:12:32,286 [FATAL] Updater:308 - Updater called before beeing initialized
2024-05-10 19:12:32,287 [ERROR] IntegrityCheckThread:130 - Cannot retrieve database content from updater: error 21
2024-05-10 19:12:32,289 [INFO] ThirdParty:978 - Integrity check success = false
2024-05-10 19:12:32,290 [INFO] IntegrityCheckThread:100 - exiting critical section [integrity check]
2024-05-10 19:12:32,290 [INFO] IntegrityCheckThread:103 - End integrity checks thread
2024-05-10 19:12:32,319 [INFO] MainUpdater:2873 - connection check result : 10
2024-05-10 19:12:32,320 [INFO] MainUpdater:3567 - Updater definition file requires update
2024-05-10 19:12:32,321 [INFO] MainUpdater:290 - Updater Check For Update Now.
2024-05-10 19:12:32,321 [INFO] MicroXplorer:498 - Change Database Version : DB.6.0.111
2024-05-10 19:12:32,355 [INFO] McuFinderGlobals:63 - Set McuFinder mode to 2 (CubeIDE integrated)
2024-05-10 19:12:32,355 [INFO] UserAuth:179 - activating auth plugin
2024-05-10 19:12:32,360 [INFO] UserAuth:415 - Internet connection configuration mode: 1
2024-05-10 19:12:32,392 [INFO] JxBrowserEngine:152 - Initiate JxBrowser Engine with user profile folder
2024-05-10 19:12:33,001 [INFO] ServerAccessManage:473 - Download File updaters.zip
2024-05-10 19:12:33,528 [INFO] FileExtend:240 - Unzip File : updaters.zip
2024-05-10 19:12:33,528 [INFO] FileExtend:255 - Standard Zip Deflate
2024-05-10 19:12:34,308 [INFO] ServerAccessManage:473 - Download File PacksControlFlags.xml
2024-05-10 19:12:34,575 [INFO] ServerAccessManage:473 - Download File cubemx.pidx
2024-05-10 19:12:34,741 [INFO] LoadServerUpdatesThread:375 - End of LoadServerUpdate Thread
2024-05-10 19:12:34,951 [INFO] CheckServerUpdateThread:120 - End of CheckServer Thread
2024-05-10 19:12:37,291 [INFO] WebApp:161 - Instantiating new browser for Auth
2024-05-10 19:12:37,980 [INFO] WebApp:779 - Register for checkConnection events
2024-05-10 19:12:37,980 [INFO] WebApp:414 - Apply proxy settings
2024-05-10 19:12:37,980 [INFO] WebApp:499 - Chromium requires no authentication
2024-05-10 19:12:37,990 [INFO] WebApp:442 - Direct internet connection detected
2024-05-10 19:12:38,212 [INFO] WebApp:192 - Starting web application
2024-05-10 19:12:38,213 [INFO] WebApp:544 - Web application path used C:\ST\STM32CubeIDE_1.2.0\STM32CubeIDE\plugins\com.st.stm32cube.common.mx_6.11.1.202404110753\db\plugins\mcufinder\reactClient1\index.html
2024-05-10 19:16:44,527 [ERROR] ConfigurationRetriever:142 - IOException on connection: Connect timed out
2024-05-10 19:16:46,531 [ERROR] ConfigurationRetriever:142 - IOException on connection: Connect timed out
2024-05-10 19:16:49,962 [ERROR] LogOutputStream:75 - [STDERR_REDIRECT] 
2024-05-10 19:16:49,963 [ERROR] LogOutputStream:75 - [STDERR_REDIRECT] 
